<?xml version="1.0" encoding="UTF-8"?>
<!-- Generated by org.testng.reporters.JUnitReportReporter -->
<testsuite hostname="DESKTOP-V8SSMLD" failures="0" tests="1" name="testCases.FileUpload2" time="0.745" errors="0" timestamp="2024-10-24T00:27:27 BST" skipped="0">
  <testcase classname="testCases.FileUpload2" name="fileUploadTest" time="0.745"/>
</testsuite> <!-- testCases.FileUpload2 -->
